<?xml version="1.0" encoding="UTF-8" ?>
<testsuite tests="2" failures="0" name="com.qa.runners.MyRunnerTest" time="178.907" errors="2" skipped="0">
  <properties>
    <property name="java.runtime.name" value="Java(TM) SE Runtime Environment"/>
    <property name="java.vm.version" value="15.0.2+7-27"/>
    <property name="sun.boot.library.path" value="C:\Program Files\Java\jdk-15.0.2\bin"/>
    <property name="maven.multiModuleProjectDirectory" value="E:\appium1\appium-cucumberbdd-master"/>
    <property name="java.vm.vendor" value="Oracle Corporation"/>
    <property name="java.vendor.url" value="https://java.oracle.com/"/>
    <property name="guice.disable.misplaced.annotation.check" value="true"/>
    <property name="path.separator" value=";"/>
    <property name="java.vm.name" value="Java HotSpot(TM) 64-Bit Server VM"/>
    <property name="sun.os.patch.level" value=""/>
    <property name="user.script" value=""/>
    <property name="user.country" value="GB"/>
    <property name="sun.java.launcher" value="SUN_STANDARD"/>
    <property name="java.vm.specification.name" value="Java Virtual Machine Specification"/>
    <property name="user.dir" value="E:\appium1\appium-cucumberbdd-master"/>
    <property name="java.vm.compressedOopsMode" value="32-bit"/>
    <property name="java.runtime.version" value="15.0.2+7-27"/>
    <property name="os.arch" value="amd64"/>
    <property name="java.io.tmpdir" value="C:\Users\mgant\AppData\Local\Temp\"/>
    <property name="line.separator" value="
"/>
    <property name="java.vm.specification.vendor" value="Oracle Corporation"/>
    <property name="user.variant" value=""/>
    <property name="os.name" value="Windows 10"/>
    <property name="classworlds.conf" value="C:\Program Files\apache-maven-3.8.6\bin\m2.conf"/>
    <property name="sun.jnu.encoding" value="Cp1252"/>
    <property name="java.library.path" value="C:\Program Files\Java\jdk-15.0.2\bin;C:\Windows\Sun\Java\bin;C:\Windows\system32;C:\Windows;C:\Python311\Scripts\;C:\Python311\;C:\Program Files\Common Files\Oracle\Java\javapath;C:\Windows\system32;C:\Windows;C:\Windows\System32\Wbem;C:\Windows\System32\WindowsPowerShell\v1.0\;C:\Windows\System32\OpenSSH\;C:\Program Files\Java\jdk-19\bin;C:\Program Files\Java\jdk-15.0.2\bin;E:\Junit\Android\Sdk\tools;E:\Junit\Android\Sdk\platform-tools;C:\Program Files\apache-maven-3.8.6\bin;C:\ProgramData\chocolatey\bin;C:\Program Files\Git\cmd;C:\Program Files\nodejs\;C:\Users\mgant\AppData\Local\Microsoft\WindowsApps;C:\Users\mgant\AppData\Local\gitkraken\bin;C:\Users\mgant\AppData\Roaming\npm;."/>
    <property name="maven.conf" value="C:\Program Files\apache-maven-3.8.6/conf"/>
    <property name="jdk.debug" value="release"/>
    <property name="java.class.version" value="59.0"/>
    <property name="java.specification.name" value="Java Platform API Specification"/>
    <property name="sun.management.compiler" value="HotSpot 64-Bit Tiered Compilers"/>
    <property name="os.version" value="10.0"/>
    <property name="library.jansi.path" value="C:\Program Files\apache-maven-3.8.6\lib\jansi-native"/>
    <property name="user.home" value="C:\Users\mgant"/>
    <property name="user.timezone" value="America/Los_Angeles"/>
    <property name="file.encoding" value="Cp1252"/>
    <property name="java.specification.version" value="15"/>
    <property name="user.name" value="mgant"/>
    <property name="java.class.path" value="C:\Program Files\apache-maven-3.8.6\boot\plexus-classworlds-2.6.0.jar"/>
    <property name="java.vm.specification.version" value="15"/>
    <property name="sun.arch.data.model" value="64"/>
    <property name="sun.java.command" value="org.codehaus.plexus.classworlds.launcher.Launcher test"/>
    <property name="java.home" value="C:\Program Files\Java\jdk-15.0.2"/>
    <property name="user.language" value="en"/>
    <property name="java.specification.vendor" value="Oracle Corporation"/>
    <property name="java.vm.info" value="mixed mode, sharing"/>
    <property name="java.version" value="15.0.2"/>
    <property name="java.vendor" value="Oracle Corporation"/>
    <property name="sun.stderr.encoding" value="cp437"/>
    <property name="maven.home" value="C:\Program Files\apache-maven-3.8.6"/>
    <property name="file.separator" value="\"/>
    <property name="java.version.date" value="2021-01-19"/>
    <property name="java.vendor.url.bug" value="https://bugreport.java.com/bugreport/"/>
    <property name="sun.io.unicode.encoding" value="UnicodeLittle"/>
    <property name="sun.cpu.endian" value="little"/>
    <property name="sun.stdout.encoding" value="cp437"/>
    <property name="sun.cpu.isalist" value="amd64"/>
  </properties>
  <testcase classname="Edit table TCT" name="Edit table and add tmsurl ,appcode" time="89.446">
    <error message="Unable to create a new remote session. Please check the server log for more details. Original error: An unknown server-side error occurred while processing the command. Original error: Could not find a connected Android device in 20124ms.
Build info: version: &apos;3.141.59&apos;, revision: &apos;e82be7d358&apos;, time: &apos;2018-11-14T08:17:03&apos;
System info: host: &apos;DESKTOP-515LFDB&apos;, ip: &apos;192.168.1.132&apos;, os.name: &apos;Windows 10&apos;, os.arch: &apos;amd64&apos;, os.version: &apos;10.0&apos;, java.version: &apos;15.0.2&apos;
Driver info: driver.version: AndroidDriver
remote stacktrace: UnknownError: An unknown server-side error occurred while processing the command. Original error: Could not find a connected Android device in 20124ms.
    at getResponseForW3CError (C:\Users\mgant\AppData\Roaming\npm\node_modules\appium\node_modules\appium-base-driver\lib\protocol\errors.js:804:9)
    at asyncHandler (C:\Users\mgant\AppData\Roaming\npm\node_modules\appium\node_modules\appium-base-driver\lib\protocol\protocol.js:380:37)
Build info: version: &apos;3.141.59&apos;, revision: &apos;e82be7d358&apos;, time: &apos;2018-11-14T08:17:03&apos;
System info: host: &apos;DESKTOP-515LFDB&apos;, ip: &apos;192.168.1.132&apos;, os.name: &apos;Windows 10&apos;, os.arch: &apos;amd64&apos;, os.version: &apos;10.0&apos;, java.version: &apos;15.0.2&apos;
Driver info: driver.version: AndroidDriver" type="org.openqa.selenium.SessionNotCreatedException">org.openqa.selenium.SessionNotCreatedException: Unable to create a new remote session. Please check the server log for more details. Original error: An unknown server-side error occurred while processing the command. Original error: Could not find a connected Android device in 20124ms.
Build info: version: &apos;3.141.59&apos;, revision: &apos;e82be7d358&apos;, time: &apos;2018-11-14T08:17:03&apos;
System info: host: &apos;DESKTOP-515LFDB&apos;, ip: &apos;192.168.1.132&apos;, os.name: &apos;Windows 10&apos;, os.arch: &apos;amd64&apos;, os.version: &apos;10.0&apos;, java.version: &apos;15.0.2&apos;
Driver info: driver.version: AndroidDriver
remote stacktrace: UnknownError: An unknown server-side error occurred while processing the command. Original error: Could not find a connected Android device in 20124ms.
    at getResponseForW3CError (C:\Users\mgant\AppData\Roaming\npm\node_modules\appium\node_modules\appium-base-driver\lib\protocol\errors.js:804:9)
    at asyncHandler (C:\Users\mgant\AppData\Roaming\npm\node_modules\appium\node_modules\appium-base-driver\lib\protocol\protocol.js:380:37)
Build info: version: &apos;3.141.59&apos;, revision: &apos;e82be7d358&apos;, time: &apos;2018-11-14T08:17:03&apos;
System info: host: &apos;DESKTOP-515LFDB&apos;, ip: &apos;192.168.1.132&apos;, os.name: &apos;Windows 10&apos;, os.arch: &apos;amd64&apos;, os.version: &apos;10.0&apos;, java.version: &apos;15.0.2&apos;
Driver info: driver.version: AndroidDriver
	at io.appium.java_client.remote.AppiumCommandExecutor$1.createSession(AppiumCommandExecutor.java:208)
	at io.appium.java_client.remote.AppiumCommandExecutor.createSession(AppiumCommandExecutor.java:217)
	at io.appium.java_client.remote.AppiumCommandExecutor.execute(AppiumCommandExecutor.java:239)
	at org.openqa.selenium.remote.RemoteWebDriver.execute(RemoteWebDriver.java:552)
	at io.appium.java_client.DefaultGenericMobileDriver.execute(DefaultGenericMobileDriver.java:41)
	at io.appium.java_client.AppiumDriver.execute(AppiumDriver.java:1)
	at io.appium.java_client.android.AndroidDriver.execute(AndroidDriver.java:1)
	at org.openqa.selenium.remote.RemoteWebDriver.startSession(RemoteWebDriver.java:213)
	at io.appium.java_client.AppiumDriver.startSession(AppiumDriver.java:336)
	at org.openqa.selenium.remote.RemoteWebDriver.&lt;init&gt;(RemoteWebDriver.java:131)
	at io.appium.java_client.DefaultGenericMobileDriver.&lt;init&gt;(DefaultGenericMobileDriver.java:37)
	at io.appium.java_client.AppiumDriver.&lt;init&gt;(AppiumDriver.java:88)
	at io.appium.java_client.AppiumDriver.&lt;init&gt;(AppiumDriver.java:98)
	at io.appium.java_client.android.AndroidDriver.&lt;init&gt;(AndroidDriver.java:94)
	at com.qa.utils.DriverManager.initializeDriver(DriverManager.java:49)
	at com.qa.stepdef.Hooks.initialize(Hooks.java:29)
Caused by: java.lang.reflect.InvocationTargetException
	at java.base/jdk.internal.reflect.NativeMethodAccessorImpl.invoke0(Native Method)
	at java.base/jdk.internal.reflect.NativeMethodAccessorImpl.invoke(NativeMethodAccessorImpl.java:64)
	at java.base/jdk.internal.reflect.DelegatingMethodAccessorImpl.invoke(DelegatingMethodAccessorImpl.java:43)
	at java.base/java.lang.reflect.Method.invoke(Method.java:564)
	at io.appium.java_client.remote.AppiumCommandExecutor$1.createSession(AppiumCommandExecutor.java:186)
	at io.appium.java_client.remote.AppiumCommandExecutor.createSession(AppiumCommandExecutor.java:217)
	at io.appium.java_client.remote.AppiumCommandExecutor.execute(AppiumCommandExecutor.java:239)
	at org.openqa.selenium.remote.RemoteWebDriver.execute(RemoteWebDriver.java:552)
	at io.appium.java_client.DefaultGenericMobileDriver.execute(DefaultGenericMobileDriver.java:41)
	at io.appium.java_client.AppiumDriver.execute(AppiumDriver.java:1)
	at io.appium.java_client.android.AndroidDriver.execute(AndroidDriver.java:1)
	at org.openqa.selenium.remote.RemoteWebDriver.startSession(RemoteWebDriver.java:213)
	at io.appium.java_client.AppiumDriver.startSession(AppiumDriver.java:336)
	at org.openqa.selenium.remote.RemoteWebDriver.&lt;init&gt;(RemoteWebDriver.java:131)
	at io.appium.java_client.DefaultGenericMobileDriver.&lt;init&gt;(DefaultGenericMobileDriver.java:37)
	at io.appium.java_client.AppiumDriver.&lt;init&gt;(AppiumDriver.java:88)
	at io.appium.java_client.AppiumDriver.&lt;init&gt;(AppiumDriver.java:98)
	at io.appium.java_client.android.AndroidDriver.&lt;init&gt;(AndroidDriver.java:94)
	at com.qa.utils.DriverManager.initializeDriver(DriverManager.java:49)
	at com.qa.stepdef.Hooks.initialize(Hooks.java:29)
	at java.base/jdk.internal.reflect.NativeMethodAccessorImpl.invoke0(Native Method)
	at java.base/jdk.internal.reflect.NativeMethodAccessorImpl.invoke(NativeMethodAccessorImpl.java:64)
	at java.base/jdk.internal.reflect.DelegatingMethodAccessorImpl.invoke(DelegatingMethodAccessorImpl.java:43)
	at java.base/java.lang.reflect.Method.invoke(Method.java:564)
	at io.cucumber.java.Invoker.doInvoke(Invoker.java:66)
	at io.cucumber.java.Invoker.invoke(Invoker.java:24)
	at io.cucumber.java.AbstractGlueDefinition.invokeMethod(AbstractGlueDefinition.java:47)
	at io.cucumber.java.JavaHookDefinition.execute(JavaHookDefinition.java:59)
	at io.cucumber.core.runner.CoreHookDefinition.execute(CoreHookDefinition.java:46)
	at io.cucumber.core.runner.HookDefinitionMatch.runStep(HookDefinitionMatch.java:21)
	at io.cucumber.core.runner.ExecutionMode$1.execute(ExecutionMode.java:10)
	at io.cucumber.core.runner.TestStep.executeStep(TestStep.java:92)
	at io.cucumber.core.runner.TestStep.run(TestStep.java:64)
	at io.cucumber.core.runner.TestCase.run(TestCase.java:98)
	at io.cucumber.core.runner.Runner.runPickle(Runner.java:71)
	at io.cucumber.junit.PickleRunners$NoStepDescriptions.run(PickleRunners.java:151)
	at io.cucumber.junit.FeatureRunner.runChild(FeatureRunner.java:135)
	at io.cucumber.junit.FeatureRunner.runChild(FeatureRunner.java:27)
	at org.junit.runners.ParentRunner$4.run(ParentRunner.java:331)
	at org.junit.runners.ParentRunner$1.schedule(ParentRunner.java:79)
	at org.junit.runners.ParentRunner.runChildren(ParentRunner.java:329)
	at org.junit.runners.ParentRunner.access$100(ParentRunner.java:66)
	at org.junit.runners.ParentRunner$2.evaluate(ParentRunner.java:293)
	at org.junit.runners.ParentRunner$3.evaluate(ParentRunner.java:306)
	at org.junit.runners.ParentRunner.run(ParentRunner.java:413)
	at io.cucumber.junit.Cucumber.runChild(Cucumber.java:199)
	at io.cucumber.junit.Cucumber.runChild(Cucumber.java:90)
	at org.junit.runners.ParentRunner$4.run(ParentRunner.java:331)
	at org.junit.runners.ParentRunner$1.schedule(ParentRunner.java:79)
	at org.junit.runners.ParentRunner.runChildren(ParentRunner.java:329)
	at org.junit.runners.ParentRunner.access$100(ParentRunner.java:66)
	at org.junit.runners.ParentRunner$2.evaluate(ParentRunner.java:293)
	at io.cucumber.junit.Cucumber$RunCucumber.evaluate(Cucumber.java:234)
	at org.junit.internal.runners.statements.RunBefores.evaluate(RunBefores.java:26)
	at org.junit.runners.ParentRunner$3.evaluate(ParentRunner.java:306)
	at org.junit.runners.ParentRunner.run(ParentRunner.java:413)
	at org.apache.maven.surefire.junit4.JUnit4Provider.execute(JUnit4Provider.java:252)
	at org.apache.maven.surefire.junit4.JUnit4Provider.executeTestSet(JUnit4Provider.java:141)
	at org.apache.maven.surefire.junit4.JUnit4Provider.invoke(JUnit4Provider.java:112)
	at java.base/jdk.internal.reflect.NativeMethodAccessorImpl.invoke0(Native Method)
	at java.base/jdk.internal.reflect.NativeMethodAccessorImpl.invoke(NativeMethodAccessorImpl.java:64)
	at java.base/jdk.internal.reflect.DelegatingMethodAccessorImpl.invoke(DelegatingMethodAccessorImpl.java:43)
	at java.base/java.lang.reflect.Method.invoke(Method.java:564)
	at org.apache.maven.surefire.util.ReflectionUtils.invokeMethodWithArray(ReflectionUtils.java:189)
	at org.apache.maven.surefire.booter.ProviderFactory$ProviderProxy.invoke(ProviderFactory.java:165)
	at org.apache.maven.surefire.booter.ProviderFactory.invokeProvider(ProviderFactory.java:85)
	at org.apache.maven.surefire.booter.ForkedBooter.runSuitesInProcess(ForkedBooter.java:115)
	at org.apache.maven.surefire.booter.ForkedBooter.main(ForkedBooter.java:75)
Caused by: org.openqa.selenium.WebDriverException: An unknown server-side error occurred while processing the command. Original error: Could not find a connected Android device in 20124ms.
Build info: version: &apos;3.141.59&apos;, revision: &apos;e82be7d358&apos;, time: &apos;2018-11-14T08:17:03&apos;
System info: host: &apos;DESKTOP-515LFDB&apos;, ip: &apos;192.168.1.132&apos;, os.name: &apos;Windows 10&apos;, os.arch: &apos;amd64&apos;, os.version: &apos;10.0&apos;, java.version: &apos;15.0.2&apos;
Driver info: driver.version: AndroidDriver
remote stacktrace: UnknownError: An unknown server-side error occurred while processing the command. Original error: Could not find a connected Android device in 20124ms.
    at getResponseForW3CError (C:\Users\mgant\AppData\Roaming\npm\node_modules\appium\node_modules\appium-base-driver\lib\protocol\errors.js:804:9)
    at asyncHandler (C:\Users\mgant\AppData\Roaming\npm\node_modules\appium\node_modules\appium-base-driver\lib\protocol\protocol.js:380:37)
	at java.base/jdk.internal.reflect.NativeConstructorAccessorImpl.newInstance0(Native Method)
	at java.base/jdk.internal.reflect.NativeConstructorAccessorImpl.newInstance(NativeConstructorAccessorImpl.java:64)
	at java.base/jdk.internal.reflect.DelegatingConstructorAccessorImpl.newInstance(DelegatingConstructorAccessorImpl.java:45)
	at java.base/java.lang.reflect.Constructor.newInstanceWithCaller(Constructor.java:500)
	at java.base/java.lang.reflect.Constructor.newInstance(Constructor.java:481)
	at org.openqa.selenium.remote.W3CHandshakeResponse.lambda$errorHandler$0(W3CHandshakeResponse.java:62)
	at org.openqa.selenium.remote.HandshakeResponse.lambda$getResponseFunction$0(HandshakeResponse.java:30)
	at org.openqa.selenium.remote.ProtocolHandshake.lambda$createSession$0(ProtocolHandshake.java:126)
	at java.base/java.util.stream.ReferencePipeline$3$1.accept(ReferencePipeline.java:195)
	at java.base/java.util.Spliterators$ArraySpliterator.tryAdvance(Spliterators.java:958)
	at java.base/java.util.stream.ReferencePipeline.forEachWithCancel(ReferencePipeline.java:127)
	at java.base/java.util.stream.AbstractPipeline.copyIntoWithCancel(AbstractPipeline.java:502)
	at java.base/java.util.stream.AbstractPipeline.copyInto(AbstractPipeline.java:488)
	at java.base/java.util.stream.AbstractPipeline.wrapAndCopyInto(AbstractPipeline.java:474)
	at java.base/java.util.stream.FindOps$FindOp.evaluateSequential(FindOps.java:150)
	at java.base/java.util.stream.AbstractPipeline.evaluate(AbstractPipeline.java:234)
	at java.base/java.util.stream.ReferencePipeline.findFirst(ReferencePipeline.java:543)
	at org.openqa.selenium.remote.ProtocolHandshake.createSession(ProtocolHandshake.java:128)
	... 68 more
</error>
    <system-out>
@test @appium
Scenario: Edit table and add tmsurl ,appcode # src/test/resources/EditTable.feature:5
[INFO ] 2022-12-13 03:18:44.713 com.qa.utils.ServerManager:20 - starting appium server
&amp;#27;[35m[Appium]&amp;#27;[39m Welcome to Appium v1.22.3
&amp;#27;[35m[Appium]&amp;#27;[39m Non-default server args:
&amp;#27;[35m[Appium]&amp;#27;[39m   port: 14876
&amp;#27;[35m[Appium]&amp;#27;[39m   sessionOverride: true
&amp;#27;[35m[Appium]&amp;#27;[39m   logFile: E:\appium1\appium-cucumberbdd-master\Android_X990\Server.log
&amp;#27;[35m[Appium]&amp;#27;[39m Appium REST http interface listener started on 0.0.0.0:14876
&amp;#27;[35m[HTTP]&amp;#27;[39m &amp;#27;[37m--&gt;&amp;#27;[39m &amp;#27;[37mGET&amp;#27;[39m &amp;#27;[37m/wd/hub/status&amp;#27;[39m
&amp;#27;[35m[HTTP]&amp;#27;[39m &amp;#27;[90m{}&amp;#27;[39m
[debug] &amp;#27;[35m[GENERIC]&amp;#27;[39m Calling AppiumDriver.getStatus() with args: []
[debug] &amp;#27;[35m[GENERIC]&amp;#27;[39m Responding to client with driver.getStatus() result: {&quot;build&quot;:{&quot;version&quot;:&quot;1.22.3&quot;}}
&amp;#27;[35m[HTTP]&amp;#27;[39m &amp;#27;[37m&lt;-- GET /wd/hub/status &amp;#27;[39m&amp;#27;[32m200&amp;#27;[39m &amp;#27;[90m38 ms - 68&amp;#27;[39m
&amp;#27;[35m[HTTP]&amp;#27;[39m &amp;#27;[90m&amp;#27;[39m
&amp;#27;[35m[HTTP]&amp;#27;[39m &amp;#27;[37m--&gt;&amp;#27;[39m &amp;#27;[37mGET&amp;#27;[39m &amp;#27;[37m/wd/hub/status&amp;#27;[39m
&amp;#27;[35m[HTTP]&amp;#27;[39m &amp;#27;[90m{}&amp;#27;[39m
[debug] &amp;#27;[35m[GENERIC]&amp;#27;[39m Calling AppiumDriver.getStatus() with args: []
[debug] &amp;#27;[35m[GENERIC]&amp;#27;[39m Responding to client with driver.getStatus() result: {&quot;build&quot;:{&quot;version&quot;:&quot;1.22.3&quot;}}
[INFO ] 2022-12-13 03:19:40.495 com.qa.utils.ServerManager:29 - Appium server started
&amp;#27;[35m[HTTP]&amp;#27;[39m &amp;#27;[37m&lt;-- GET /wd/hub/status &amp;#27;[39m&amp;#27;[32m200&amp;#27;[39m &amp;#27;[90m6 ms - 68&amp;#27;[39m
&amp;#27;[35m[HTTP]&amp;#27;[39m &amp;#27;[90m&amp;#27;[39m
[INFO ] 2022-12-13 03:19:40.570 com.qa.utils.DriverManager:46 - initializing Appium driver
[INFO ] 2022-12-13 03:19:40.624 com.qa.utils.PropertyManager:17 - loading config properties
[INFO ] 2022-12-13 03:19:40.626 com.qa.utils.CapabilitiesManager:18 - getting capabilities
[INFO ] 2022-12-13 03:19:40.629 com.qa.utils.CapabilitiesManager:34 - appUrl isE:\appium1\appium-cucumberbdd-master\src\test\resources\apps\BML_V2.57_TEST.apk
&amp;#27;[35m[HTTP]&amp;#27;[39m &amp;#27;[37m--&gt;&amp;#27;[39m &amp;#27;[37mPOST&amp;#27;[39m &amp;#27;[37m/wd/hub/session&amp;#27;[39m
&amp;#27;[35m[HTTP]&amp;#27;[39m &amp;#27;[90m{&quot;desiredCapabilities&quot;:{&quot;app&quot;:&quot;E:\\appium1\\appium-cucumberbdd-master\\src\\test\\resources\\apps\\BML_V2.57_TEST.apk&quot;,&quot;appActivity&quot;:&quot;epic.epicposandroidapp.MainActivity&quot;,&quot;appPackage&quot;:&quot;ml.epic.android.pos&quot;,&quot;automationName&quot;:&quot;UiAutomator2&quot;,&quot;chromeDriverPort&quot;:&quot;11000&quot;,&quot;platformName&quot;:&quot;Android&quot;,&quot;udid&quot;:&quot;ee1e07a&quot;,&quot;deviceName&quot;:&quot;X990&quot;,&quot;systemPort&quot;:&quot;10000&quot;},&quot;capabilities&quot;:{&quot;firstMatch&quot;:[{&quot;appium:app&quot;:&quot;E:\\appium1\\appium-cucumberbdd-master\\src\\test\\resources\\apps\\BML_V2.57_TEST.apk&quot;,&quot;appium:appActivity&quot;:&quot;epic.epicposandroidapp.MainActivity&quot;,&quot;appium:appPackage&quot;:&quot;ml.epic.android.pos&quot;,&quot;appium:automationName&quot;:&quot;UiAutomator2&quot;,&quot;chromeDriverPort&quot;:&quot;11000&quot;,&quot;appium:deviceName&quot;:&quot;X990&quot;,&quot;platformName&quot;:&quot;android&quot;,&quot;appium:systemPort&quot;:&quot;10000&quot;,&quot;appium:udid&quot;:&quot;ee1e07a&quot;}]}}&amp;#27;[39m
[debug] &amp;#27;[35m[W3C]&amp;#27;[39m Calling AppiumDriver.createSession() with args: [{&quot;app&quot;:&quot;E:\\appium1\\appium-cucumberbdd-master\\src\\test\\resources\\apps\\BML_V2.57_TEST.apk&quot;,&quot;appActivity&quot;:&quot;epic.epicposandroidapp.MainActivity&quot;,&quot;appPackage&quot;:&quot;ml.epic.android.pos&quot;,&quot;automationName&quot;:&quot;UiAutomator2&quot;,&quot;chromeDriverPort&quot;:&quot;11000&quot;,&quot;platformName&quot;:&quot;Android&quot;,&quot;udid&quot;:&quot;ee1e07a&quot;,&quot;deviceName&quot;:&quot;X990&quot;,&quot;systemPort&quot;:&quot;10000&quot;},null,{&quot;firstMatch&quot;:[{&quot;appium:app&quot;:&quot;E:\\appium1\\appium-cucumberbdd-master\\src\\test\\resources\\apps\\BML_V2.57_TEST.apk&quot;,&quot;appium:appActivity&quot;:&quot;epic.epicposandroidapp.MainActivity&quot;,&quot;appium:appPackage&quot;:&quot;ml.epic.android.pos&quot;,&quot;appium:automationName&quot;:&quot;UiAutomator2&quot;,&quot;chromeDriverPort&quot;:&quot;11000&quot;,&quot;appium:deviceName&quot;:&quot;X990&quot;,&quot;platformName&quot;:&quot;android&quot;,&quot;appium:systemPort&quot;:&quot;10000&quot;,&quot;appium:udid&quot;:&quot;ee1e07a&quot;}]}]
[debug] &amp;#27;[35m[BaseDriver]&amp;#27;[39m Event &apos;newSessionRequested&apos; logged at 1670930382488 (03:19:42 GMT-0800 (Pacific Standard Time))
&amp;#27;[35m[BaseDriver]&amp;#27;[39m The following capabilities are not standard capabilities and should have an extension prefix:
&amp;#27;[35m[BaseDriver]&amp;#27;[39m   chromeDriverPort
&amp;#27;[35m[Appium]&amp;#27;[39m Appium v1.22.3 creating new AndroidUiautomator2Driver (v1.70.1) session
[debug] &amp;#27;[35m[Appium]&amp;#27;[39m There are no active sessions for cleanup
[debug] &amp;#27;[35m[BaseDriver]&amp;#27;[39m W3C capabilities and MJSONWP desired capabilities were provided
[debug] &amp;#27;[35m[BaseDriver]&amp;#27;[39m Creating session with W3C capabilities: {
[debug] &amp;#27;[35m[BaseDriver]&amp;#27;[39m   &quot;alwaysMatch&quot;: {
[debug] &amp;#27;[35m[BaseDriver]&amp;#27;[39m     &quot;appium:chromeDriverPort&quot;: &quot;11000&quot;,
[debug] &amp;#27;[35m[BaseDriver]&amp;#27;[39m     &quot;platformName&quot;: &quot;android&quot;,
[debug] &amp;#27;[35m[BaseDriver]&amp;#27;[39m     &quot;appium:app&quot;: &quot;E:\\appium1\\appium-cucumberbdd-master\\src\\test\\resources\\apps\\BML_V2.57_TEST.apk&quot;,
[debug] &amp;#27;[35m[BaseDriver]&amp;#27;[39m     &quot;appium:appActivity&quot;: &quot;epic.epicposandroidapp.MainActivity&quot;,
[debug] &amp;#27;[35m[BaseDriver]&amp;#27;[39m     &quot;appium:appPackage&quot;: &quot;ml.epic.android.pos&quot;,
[debug] &amp;#27;[35m[BaseDriver]&amp;#27;[39m     &quot;appium:automationName&quot;: &quot;UiAutomator2&quot;,
[debug] &amp;#27;[35m[BaseDriver]&amp;#27;[39m     &quot;appium:deviceName&quot;: &quot;X990&quot;,
[debug] &amp;#27;[35m[BaseDriver]&amp;#27;[39m     &quot;appium:systemPort&quot;: &quot;10000&quot;,
[debug] &amp;#27;[35m[BaseDriver]&amp;#27;[39m     &quot;appium:udid&quot;: &quot;ee1e07a&quot;
[debug] &amp;#27;[35m[BaseDriver]&amp;#27;[39m   },
[debug] &amp;#27;[35m[BaseDriver]&amp;#27;[39m   &quot;firstMatch&quot;: [
[debug] &amp;#27;[35m[BaseDriver]&amp;#27;[39m     {}
[debug] &amp;#27;[35m[BaseDriver]&amp;#27;[39m   ]
[debug] &amp;#27;[35m[BaseDriver]&amp;#27;[39m }
&amp;#27;[35m[BaseDriver]&amp;#27;[39m Number capability passed in as string. Functionality may be compromised.
&amp;#27;[35m[BaseDriver]&amp;#27;[39m Number capability passed in as string. Functionality may be compromised.
&amp;#27;[35m[BaseDriver]&amp;#27;[39m Capability &apos;systemPort&apos; changed from string (&apos;10000&apos;) to integer (10000). This may cause unexpected behavior
&amp;#27;[35m[BaseDriver]&amp;#27;[39m Capability &apos;chromeDriverPort&apos; changed from string (&apos;11000&apos;) to integer (11000). This may cause unexpected behavior
&amp;#27;[35m[BaseDriver]&amp;#27;[39m Session created with session id: 3c3d0aed-d8a4-4e0f-a841-03e14d9d9419
&amp;#27;[35m[BaseDriver]&amp;#27;[39m Using local app &apos;E:\appium1\appium-cucumberbdd-master\src\test\resources\apps\BML_V2.57_TEST.apk&apos;
[debug] &amp;#27;[35m[UiAutomator2]&amp;#27;[39m Checking whether app is actually present
&amp;#27;[35m[ADB]&amp;#27;[39m Found 2 &apos;build-tools&apos; folders under &apos;E:\Junit\Android\Sdk&apos; (newest first):
&amp;#27;[35m[ADB]&amp;#27;[39m     E:/Junit/Android/Sdk/build-tools/33.0.1
&amp;#27;[35m[ADB]&amp;#27;[39m     E:/Junit/Android/Sdk/build-tools/30.0.3
&amp;#27;[35m[ADB]&amp;#27;[39m Using &apos;adb.exe&apos; from &apos;E:\Junit\Android\Sdk\platform-tools\adb.exe&apos;
[debug] &amp;#27;[35m[ADB]&amp;#27;[39m Running &apos;E:\Junit\Android\Sdk\platform-tools\adb.exe -P 5037 start-server&apos;
&amp;#27;[35m[AndroidDriver]&amp;#27;[39m Retrieving device list
[debug] &amp;#27;[35m[ADB]&amp;#27;[39m Trying to find a connected android device
[debug] &amp;#27;[35m[ADB]&amp;#27;[39m Getting connected devices
[debug] &amp;#27;[35m[ADB]&amp;#27;[39m No connected devices have been detected
[debug] &amp;#27;[35m[ADB]&amp;#27;[39m Could not find online devices
[debug] &amp;#27;[35m[ADB]&amp;#27;[39m Reconnecting adb (target offline)
[debug] &amp;#27;[35m[ADB]&amp;#27;[39m Running &apos;E:\Junit\Android\Sdk\platform-tools\adb.exe -P 5037 reconnect offline&apos;
[debug] &amp;#27;[35m[ADB]&amp;#27;[39m Getting connected devices
[debug] &amp;#27;[35m[ADB]&amp;#27;[39m No connected devices have been detected
[debug] &amp;#27;[35m[ADB]&amp;#27;[39m Could not find online devices
[debug] &amp;#27;[35m[ADB]&amp;#27;[39m Reconnecting adb (target offline)
[debug] &amp;#27;[35m[ADB]&amp;#27;[39m Running &apos;E:\Junit\Android\Sdk\platform-tools\adb.exe -P 5037 reconnect offline&apos;
[debug] &amp;#27;[35m[ADB]&amp;#27;[39m Getting connected devices
[debug] &amp;#27;[35m[ADB]&amp;#27;[39m No connected devices have been detected
[debug] &amp;#27;[35m[ADB]&amp;#27;[39m Could not find online devices
[debug] &amp;#27;[35m[ADB]&amp;#27;[39m Reconnecting adb (target offline)
[debug] &amp;#27;[35m[ADB]&amp;#27;[39m Running &apos;E:\Junit\Android\Sdk\platform-tools\adb.exe -P 5037 reconnect offline&apos;
[debug] &amp;#27;[35m[ADB]&amp;#27;[39m Getting connected devices
[debug] &amp;#27;[35m[ADB]&amp;#27;[39m No connected devices have been detected
[debug] &amp;#27;[35m[ADB]&amp;#27;[39m Could not find online devices
[debug] &amp;#27;[35m[ADB]&amp;#27;[39m Reconnecting adb (target offline)
[debug] &amp;#27;[35m[ADB]&amp;#27;[39m Running &apos;E:\Junit\Android\Sdk\platform-tools\adb.exe -P 5037 reconnect offline&apos;
[debug] &amp;#27;[35m[ADB]&amp;#27;[39m Getting connected devices
[debug] &amp;#27;[35m[ADB]&amp;#27;[39m No connected devices have been detected
[debug] &amp;#27;[35m[ADB]&amp;#27;[39m Could not find online devices
[debug] &amp;#27;[35m[ADB]&amp;#27;[39m Reconnecting adb (target offline)
[debug] &amp;#27;[35m[ADB]&amp;#27;[39m Running &apos;E:\Junit\Android\Sdk\platform-tools\adb.exe -P 5037 reconnect offline&apos;
[debug] &amp;#27;[35m[ADB]&amp;#27;[39m Getting connected devices
[debug] &amp;#27;[35m[ADB]&amp;#27;[39m No connected devices have been detected
[debug] &amp;#27;[35m[ADB]&amp;#27;[39m Could not find online devices
[debug] &amp;#27;[35m[ADB]&amp;#27;[39m Reconnecting adb (target offline)
[debug] &amp;#27;[35m[ADB]&amp;#27;[39m Running &apos;E:\Junit\Android\Sdk\platform-tools\adb.exe -P 5037 reconnect offline&apos;
[debug] &amp;#27;[35m[ADB]&amp;#27;[39m Getting connected devices
[debug] &amp;#27;[35m[ADB]&amp;#27;[39m No connected devices have been detected
[debug] &amp;#27;[35m[ADB]&amp;#27;[39m Could not find online devices
[debug] &amp;#27;[35m[ADB]&amp;#27;[39m Reconnecting adb (target offline)
[debug] &amp;#27;[35m[ADB]&amp;#27;[39m Running &apos;E:\Junit\Android\Sdk\platform-tools\adb.exe -P 5037 reconnect offline&apos;
[debug] &amp;#27;[35m[ADB]&amp;#27;[39m Getting connected devices
[debug] &amp;#27;[35m[ADB]&amp;#27;[39m No connected devices have been detected
[debug] &amp;#27;[35m[ADB]&amp;#27;[39m Could not find online devices
[debug] &amp;#27;[35m[ADB]&amp;#27;[39m Reconnecting adb (target offline)
[debug] &amp;#27;[35m[ADB]&amp;#27;[39m Running &apos;E:\Junit\Android\Sdk\platform-tools\adb.exe -P 5037 reconnect offline&apos;
[debug] &amp;#27;[35m[ADB]&amp;#27;[39m Getting connected devices
[debug] &amp;#27;[35m[ADB]&amp;#27;[39m No connected devices have been detected
[debug] &amp;#27;[35m[ADB]&amp;#27;[39m Could not find online devices
[debug] &amp;#27;[35m[ADB]&amp;#27;[39m Reconnecting adb (target offline)
[debug] &amp;#27;[35m[ADB]&amp;#27;[39m Running &apos;E:\Junit\Android\Sdk\platform-tools\adb.exe -P 5037 reconnect offline&apos;
[debug] &amp;#27;[35m[ADB]&amp;#27;[39m Getting connected devices
[debug] &amp;#27;[35m[ADB]&amp;#27;[39m No connected devices have been detected
[debug] &amp;#27;[35m[ADB]&amp;#27;[39m Could not find online devices
[debug] &amp;#27;[35m[ADB]&amp;#27;[39m Reconnecting adb (target offline)
[debug] &amp;#27;[35m[ADB]&amp;#27;[39m Running &apos;E:\Junit\Android\Sdk\platform-tools\adb.exe -P 5037 reconnect offline&apos;
[debug] &amp;#27;[35m[ADB]&amp;#27;[39m Getting connected devices
[debug] &amp;#27;[35m[ADB]&amp;#27;[39m No connected devices have been detected
[debug] &amp;#27;[35m[ADB]&amp;#27;[39m Could not find online devices
[debug] &amp;#27;[35m[ADB]&amp;#27;[39m Reconnecting adb (target offline)
[debug] &amp;#27;[35m[ADB]&amp;#27;[39m Running &apos;E:\Junit\Android\Sdk\platform-tools\adb.exe -P 5037 reconnect offline&apos;
[debug] &amp;#27;[35m[ADB]&amp;#27;[39m Getting connected devices
[debug] &amp;#27;[35m[ADB]&amp;#27;[39m No connected devices have been detected
[debug] &amp;#27;[35m[ADB]&amp;#27;[39m Could not find online devices
[debug] &amp;#27;[35m[ADB]&amp;#27;[39m Reconnecting adb (target offline)
[debug] &amp;#27;[35m[ADB]&amp;#27;[39m Running &apos;E:\Junit\Android\Sdk\platform-tools\adb.exe -P 5037 reconnect offline&apos;
[debug] &amp;#27;[35m[ADB]&amp;#27;[39m Getting connected devices
[debug] &amp;#27;[35m[ADB]&amp;#27;[39m No connected devices have been detected
[debug] &amp;#27;[35m[ADB]&amp;#27;[39m Could not find online devices
[debug] &amp;#27;[35m[ADB]&amp;#27;[39m Reconnecting adb (target offline)
[debug] &amp;#27;[35m[ADB]&amp;#27;[39m Running &apos;E:\Junit\Android\Sdk\platform-tools\adb.exe -P 5037 reconnect offline&apos;
[debug] &amp;#27;[35m[ADB]&amp;#27;[39m Getting connected devices
[debug] &amp;#27;[35m[ADB]&amp;#27;[39m No connected devices have been detected
[debug] &amp;#27;[35m[ADB]&amp;#27;[39m Could not find online devices
[debug] &amp;#27;[35m[ADB]&amp;#27;[39m Reconnecting adb (target offline)
[debug] &amp;#27;[35m[ADB]&amp;#27;[39m Running &apos;E:\Junit\Android\Sdk\platform-tools\adb.exe -P 5037 reconnect offline&apos;
[debug] &amp;#27;[35m[ADB]&amp;#27;[39m Getting connected devices
[debug] &amp;#27;[35m[ADB]&amp;#27;[39m No connected devices have been detected
[debug] &amp;#27;[35m[ADB]&amp;#27;[39m Could not find online devices
[debug] &amp;#27;[35m[ADB]&amp;#27;[39m Reconnecting adb (target offline)
[debug] &amp;#27;[35m[ADB]&amp;#27;[39m Running &apos;E:\Junit\Android\Sdk\platform-tools\adb.exe -P 5037 reconnect offline&apos;
[debug] &amp;#27;[35m[ADB]&amp;#27;[39m Getting connected devices
[debug] &amp;#27;[35m[ADB]&amp;#27;[39m No connected devices have been detected
[debug] &amp;#27;[35m[ADB]&amp;#27;[39m Could not find online devices
[debug] &amp;#27;[35m[ADB]&amp;#27;[39m Reconnecting adb (target offline)
[debug] &amp;#27;[35m[ADB]&amp;#27;[39m Running &apos;E:\Junit\Android\Sdk\platform-tools\adb.exe -P 5037 reconnect offline&apos;
[debug] &amp;#27;[35m[ADB]&amp;#27;[39m Getting connected devices
[debug] &amp;#27;[35m[ADB]&amp;#27;[39m No connected devices have been detected
[debug] &amp;#27;[35m[ADB]&amp;#27;[39m Could not find online devices
[debug] &amp;#27;[35m[ADB]&amp;#27;[39m Reconnecting adb (target offline)
[debug] &amp;#27;[35m[ADB]&amp;#27;[39m Running &apos;E:\Junit\Android\Sdk\platform-tools\adb.exe -P 5037 reconnect offline&apos;
[debug] &amp;#27;[35m[ADB]&amp;#27;[39m Getting connected devices
[debug] &amp;#27;[35m[ADB]&amp;#27;[39m No connected devices have been detected
[debug] &amp;#27;[35m[ADB]&amp;#27;[39m Could not find online devices
[debug] &amp;#27;[35m[ADB]&amp;#27;[39m Reconnecting adb (target offline)
[debug] &amp;#27;[35m[ADB]&amp;#27;[39m Running &apos;E:\Junit\Android\Sdk\platform-tools\adb.exe -P 5037 reconnect offline&apos;
[debug] &amp;#27;[35m[ADB]&amp;#27;[39m Getting connected devices
[debug] &amp;#27;[35m[ADB]&amp;#27;[39m No connected devices have been detected
[debug] &amp;#27;[35m[ADB]&amp;#27;[39m Could not find online devices
[debug] &amp;#27;[35m[ADB]&amp;#27;[39m Reconnecting adb (target offline)
[debug] &amp;#27;[35m[ADB]&amp;#27;[39m Running &apos;E:\Junit\Android\Sdk\platform-tools\adb.exe -P 5037 reconnect offline&apos;
[debug] &amp;#27;[35m[ADB]&amp;#27;[39m Getting connected devices
[debug] &amp;#27;[35m[ADB]&amp;#27;[39m No connected devices have been detected
[debug] &amp;#27;[35m[ADB]&amp;#27;[39m Could not find online devices
[debug] &amp;#27;[35m[ADB]&amp;#27;[39m Reconnecting adb (target offline)
[debug] &amp;#27;[35m[ADB]&amp;#27;[39m Running &apos;E:\Junit\Android\Sdk\platform-tools\adb.exe -P 5037 reconnect offline&apos;
[debug] &amp;#27;[35m[ADB]&amp;#27;[39m Getting connected devices
[debug] &amp;#27;[35m[ADB]&amp;#27;[39m No connected devices have been detected
[debug] &amp;#27;[35m[ADB]&amp;#27;[39m Could not find online devices
[debug] &amp;#27;[35m[ADB]&amp;#27;[39m Reconnecting adb (target offline)
[debug] &amp;#27;[35m[ADB]&amp;#27;[39m Running &apos;E:\Junit\Android\Sdk\platform-tools\adb.exe -P 5037 reconnect offline&apos;
[debug] &amp;#27;[35m[ADB]&amp;#27;[39m Getting connected devices
[debug] &amp;#27;[35m[ADB]&amp;#27;[39m No connected devices have been detected
[debug] &amp;#27;[35m[ADB]&amp;#27;[39m Could not find online devices
[debug] &amp;#27;[35m[ADB]&amp;#27;[39m Reconnecting adb (target offline)
[debug] &amp;#27;[35m[ADB]&amp;#27;[39m Running &apos;E:\Junit\Android\Sdk\platform-tools\adb.exe -P 5037 reconnect offline&apos;
[debug] &amp;#27;[35m[ADB]&amp;#27;[39m Getting connected devices
[debug] &amp;#27;[35m[ADB]&amp;#27;[39m No connected devices have been detected
[debug] &amp;#27;[35m[ADB]&amp;#27;[39m Could not find online devices
[debug] &amp;#27;[35m[ADB]&amp;#27;[39m Reconnecting adb (target offline)
[debug] &amp;#27;[35m[ADB]&amp;#27;[39m Running &apos;E:\Junit\Android\Sdk\platform-tools\adb.exe -P 5037 reconnect offline&apos;
[debug] &amp;#27;[35m[ADB]&amp;#27;[39m Getting connected devices
[debug] &amp;#27;[35m[ADB]&amp;#27;[39m No connected devices have been detected
[debug] &amp;#27;[35m[ADB]&amp;#27;[39m Could not find online devices
[debug] &amp;#27;[35m[ADB]&amp;#27;[39m Reconnecting adb (target offline)
[debug] &amp;#27;[35m[ADB]&amp;#27;[39m Running &apos;E:\Junit\Android\Sdk\platform-tools\adb.exe -P 5037 reconnect offline&apos;
[debug] &amp;#27;[35m[ADB]&amp;#27;[39m Getting connected devices
[debug] &amp;#27;[35m[ADB]&amp;#27;[39m No connected devices have been detected
[debug] &amp;#27;[35m[ADB]&amp;#27;[39m Could not find online devices
[debug] &amp;#27;[35m[ADB]&amp;#27;[39m Reconnecting adb (target offline)
[debug] &amp;#27;[35m[ADB]&amp;#27;[39m Running &apos;E:\Junit\Android\Sdk\platform-tools\adb.exe -P 5037 reconnect offline&apos;
[debug] &amp;#27;[35m[ADB]&amp;#27;[39m Getting connected devices
[debug] &amp;#27;[35m[ADB]&amp;#27;[39m No connected devices have been detected
[debug] &amp;#27;[35m[ADB]&amp;#27;[39m Could not find online devices
[debug] &amp;#27;[35m[ADB]&amp;#27;[39m Reconnecting adb (target offline)
[debug] &amp;#27;[35m[ADB]&amp;#27;[39m Running &apos;E:\Junit\Android\Sdk\platform-tools\adb.exe -P 5037 reconnect offline&apos;
[debug] &amp;#27;[35m[ADB]&amp;#27;[39m Getting connected devices
[debug] &amp;#27;[35m[ADB]&amp;#27;[39m No connected devices have been detected
[debug] &amp;#27;[35m[ADB]&amp;#27;[39m Could not find online devices
[debug] &amp;#27;[35m[ADB]&amp;#27;[39m Reconnecting adb (target offline)
[debug] &amp;#27;[35m[ADB]&amp;#27;[39m Running &apos;E:\Junit\Android\Sdk\platform-tools\adb.exe -P 5037 reconnect offline&apos;
[debug] &amp;#27;[35m[ADB]&amp;#27;[39m Getting connected devices
[debug] &amp;#27;[35m[ADB]&amp;#27;[39m No connected devices have been detected
[debug] &amp;#27;[35m[ADB]&amp;#27;[39m Could not find online devices
[debug] &amp;#27;[35m[ADB]&amp;#27;[39m Reconnecting adb (target offline)
[debug] &amp;#27;[35m[ADB]&amp;#27;[39m Running &apos;E:\Junit\Android\Sdk\platform-tools\adb.exe -P 5037 reconnect offline&apos;
[debug] &amp;#27;[35m[ADB]&amp;#27;[39m Getting connected devices
[debug] &amp;#27;[35m[ADB]&amp;#27;[39m No connected devices have been detected
[debug] &amp;#27;[35m[ADB]&amp;#27;[39m Could not find online devices
[debug] &amp;#27;[35m[ADB]&amp;#27;[39m Reconnecting adb (target offline)
[debug] &amp;#27;[35m[ADB]&amp;#27;[39m Running &apos;E:\Junit\Android\Sdk\platform-tools\adb.exe -P 5037 reconnect offline&apos;
[debug] &amp;#27;[35m[ADB]&amp;#27;[39m Getting connected devices
[debug] &amp;#27;[35m[ADB]&amp;#27;[39m No connected devices have been detected
[debug] &amp;#27;[35m[ADB]&amp;#27;[39m Could not find online devices
[debug] &amp;#27;[35m[ADB]&amp;#27;[39m Reconnecting adb (target offline)
[debug] &amp;#27;[35m[ADB]&amp;#27;[39m Running &apos;E:\Junit\Android\Sdk\platform-tools\adb.exe -P 5037 reconnect offline&apos;
[debug] &amp;#27;[35m[ADB]&amp;#27;[39m Getting connected devices
[debug] &amp;#27;[35m[ADB]&amp;#27;[39m No connected devices have been detected
[debug] &amp;#27;[35m[ADB]&amp;#27;[39m Could not find online devices
[debug] &amp;#27;[35m[ADB]&amp;#27;[39m Reconnecting adb (target offline)
[debug] &amp;#27;[35m[ADB]&amp;#27;[39m Running &apos;E:\Junit\Android\Sdk\platform-tools\adb.exe -P 5037 reconnect offline&apos;
[debug] &amp;#27;[35m[ADB]&amp;#27;[39m Getting connected devices
[debug] &amp;#27;[35m[ADB]&amp;#27;[39m No connected devices have been detected
[debug] &amp;#27;[35m[ADB]&amp;#27;[39m Could not find online devices
[debug] &amp;#27;[35m[ADB]&amp;#27;[39m Reconnecting adb (target offline)
[debug] &amp;#27;[35m[ADB]&amp;#27;[39m Running &apos;E:\Junit\Android\Sdk\platform-tools\adb.exe -P 5037 reconnect offline&apos;
[debug] &amp;#27;[35m[ADB]&amp;#27;[39m Getting connected devices
[debug] &amp;#27;[35m[ADB]&amp;#27;[39m No connected devices have been detected
[debug] &amp;#27;[35m[ADB]&amp;#27;[39m Could not find online devices
[debug] &amp;#27;[35m[ADB]&amp;#27;[39m Reconnecting adb (target offline)
[debug] &amp;#27;[35m[ADB]&amp;#27;[39m Running &apos;E:\Junit\Android\Sdk\platform-tools\adb.exe -P 5037 reconnect offline&apos;
[debug] &amp;#27;[35m[ADB]&amp;#27;[39m Getting connected devices
[debug] &amp;#27;[35m[ADB]&amp;#27;[39m No connected devices have been detected
[debug] &amp;#27;[35m[ADB]&amp;#27;[39m Could not find online devices
[debug] &amp;#27;[35m[ADB]&amp;#27;[39m Reconnecting adb (target offline)
[debug] &amp;#27;[35m[ADB]&amp;#27;[39m Running &apos;E:\Junit\Android\Sdk\platform-tools\adb.exe -P 5037 reconnect offline&apos;
[debug] &amp;#27;[35m[ADB]&amp;#27;[39m Getting connected devices
[debug] &amp;#27;[35m[ADB]&amp;#27;[39m No connected devices have been detected
[debug] &amp;#27;[35m[ADB]&amp;#27;[39m Could not find online devices
[debug] &amp;#27;[35m[ADB]&amp;#27;[39m Reconnecting adb (target offline)
[debug] &amp;#27;[35m[ADB]&amp;#27;[39m Running &apos;E:\Junit\Android\Sdk\platform-tools\adb.exe -P 5037 reconnect offline&apos;
[debug] &amp;#27;[35m[ADB]&amp;#27;[39m Getting connected devices
[debug] &amp;#27;[35m[ADB]&amp;#27;[39m No connected devices have been detected
[debug] &amp;#27;[35m[ADB]&amp;#27;[39m Could not find online devices
[debug] &amp;#27;[35m[ADB]&amp;#27;[39m Reconnecting adb (target offline)
[debug] &amp;#27;[35m[ADB]&amp;#27;[39m Running &apos;E:\Junit\Android\Sdk\platform-tools\adb.exe -P 5037 reconnect offline&apos;
[debug] &amp;#27;[35m[ADB]&amp;#27;[39m Getting connected devices
[debug] &amp;#27;[35m[ADB]&amp;#27;[39m No connected devices have been detected
[debug] &amp;#27;[35m[ADB]&amp;#27;[39m Could not find online devices
[debug] &amp;#27;[35m[ADB]&amp;#27;[39m Reconnecting adb (target offline)
[debug] &amp;#27;[35m[ADB]&amp;#27;[39m Running &apos;E:\Junit\Android\Sdk\platform-tools\adb.exe -P 5037 reconnect offline&apos;
[debug] &amp;#27;[35m[ADB]&amp;#27;[39m Getting connected devices
[debug] &amp;#27;[35m[ADB]&amp;#27;[39m No connected devices have been detected
[debug] &amp;#27;[35m[ADB]&amp;#27;[39m Could not find online devices
[debug] &amp;#27;[35m[ADB]&amp;#27;[39m Reconnecting adb (target offline)
[debug] &amp;#27;[35m[ADB]&amp;#27;[39m Running &apos;E:\Junit\Android\Sdk\platform-tools\adb.exe -P 5037 reconnect offline&apos;
[debug] &amp;#27;[35m[ADB]&amp;#27;[39m Getting connected devices
[debug] &amp;#27;[35m[ADB]&amp;#27;[39m No connected devices have been detected
[debug] &amp;#27;[35m[ADB]&amp;#27;[39m Could not find online devices
[debug] &amp;#27;[35m[ADB]&amp;#27;[39m Reconnecting adb (target offline)
[debug] &amp;#27;[35m[ADB]&amp;#27;[39m Running &apos;E:\Junit\Android\Sdk\platform-tools\adb.exe -P 5037 reconnect offline&apos;
[debug] &amp;#27;[35m[ADB]&amp;#27;[39m Getting connected devices
[debug] &amp;#27;[35m[ADB]&amp;#27;[39m No connected devices have been detected
[debug] &amp;#27;[35m[ADB]&amp;#27;[39m Could not find online devices
[debug] &amp;#27;[35m[ADB]&amp;#27;[39m Reconnecting adb (target offline)
[debug] &amp;#27;[35m[ADB]&amp;#27;[39m Running &apos;E:\Junit\Android\Sdk\platform-tools\adb.exe -P 5037 reconnect offline&apos;
[debug] &amp;#27;[35m[ADB]&amp;#27;[39m Getting connected devices
[debug] &amp;#27;[35m[ADB]&amp;#27;[39m No connected devices have been detected
[debug] &amp;#27;[35m[ADB]&amp;#27;[39m Could not find online devices
[debug] &amp;#27;[35m[ADB]&amp;#27;[39m Reconnecting adb (target offline)
[debug] &amp;#27;[35m[ADB]&amp;#27;[39m Running &apos;E:\Junit\Android\Sdk\platform-tools\adb.exe -P 5037 reconnect offline&apos;
[debug] &amp;#27;[35m[ADB]&amp;#27;[39m Getting connected devices
[debug] &amp;#27;[35m[ADB]&amp;#27;[39m No connected devices have been detected
[debug] &amp;#27;[35m[ADB]&amp;#27;[39m Could not find online devices
[debug] &amp;#27;[35m[ADB]&amp;#27;[39m Reconnecting adb (target offline)
[debug] &amp;#27;[35m[ADB]&amp;#27;[39m Running &apos;E:\Junit\Android\Sdk\platform-tools\adb.exe -P 5037 reconnect offline&apos;
[debug] &amp;#27;[35m[ADB]&amp;#27;[39m Getting connected devices
[debug] &amp;#27;[35m[ADB]&amp;#27;[39m No connected devices have been detected
[debug] &amp;#27;[35m[ADB]&amp;#27;[39m Could not find online devices
[debug] &amp;#27;[35m[ADB]&amp;#27;[39m Reconnecting adb (target offline)
[debug] &amp;#27;[35m[ADB]&amp;#27;[39m Running &apos;E:\Junit\Android\Sdk\platform-tools\adb.exe -P 5037 reconnect offline&apos;
[debug] &amp;#27;[35m[ADB]&amp;#27;[39m Getting connected devices
[debug] &amp;#27;[35m[ADB]&amp;#27;[39m No connected devices have been detected
[debug] &amp;#27;[35m[ADB]&amp;#27;[39m Could not find online devices
[debug] &amp;#27;[35m[ADB]&amp;#27;[39m Reconnecting adb (target offline)
[debug] &amp;#27;[35m[ADB]&amp;#27;[39m Running &apos;E:\Junit\Android\Sdk\platform-tools\adb.exe -P 5037 reconnect offline&apos;
[debug] &amp;#27;[35m[ADB]&amp;#27;[39m Getting connected devices
[debug] &amp;#27;[35m[ADB]&amp;#27;[39m No connected devices have been detected
[debug] &amp;#27;[35m[ADB]&amp;#27;[39m Could not find online devices
[debug] &amp;#27;[35m[ADB]&amp;#27;[39m Reconnecting adb (target offline)
[debug] &amp;#27;[35m[ADB]&amp;#27;[39m Running &apos;E:\Junit\Android\Sdk\platform-tools\adb.exe -P 5037 reconnect offline&apos;
[debug] &amp;#27;[35m[ADB]&amp;#27;[39m Getting connected devices
[debug] &amp;#27;[35m[ADB]&amp;#27;[39m No connected devices have been detected
[debug] &amp;#27;[35m[ADB]&amp;#27;[39m Could not find online devices
[debug] &amp;#27;[35m[ADB]&amp;#27;[39m Reconnecting adb (target offline)
[debug] &amp;#27;[35m[ADB]&amp;#27;[39m Running &apos;E:\Junit\Android\Sdk\platform-tools\adb.exe -P 5037 reconnect offline&apos;
[debug] &amp;#27;[35m[ADB]&amp;#27;[39m Getting connected devices
[debug] &amp;#27;[35m[ADB]&amp;#27;[39m No connected devices have been detected
[debug] &amp;#27;[35m[ADB]&amp;#27;[39m Could not find online devices
[debug] &amp;#27;[35m[ADB]&amp;#27;[39m Reconnecting adb (target offline)
[debug] &amp;#27;[35m[ADB]&amp;#27;[39m Running &apos;E:\Junit\Android\Sdk\platform-tools\adb.exe -P 5037 reconnect offline&apos;
[debug] &amp;#27;[35m[ADB]&amp;#27;[39m Getting connected devices
[debug] &amp;#27;[35m[ADB]&amp;#27;[39m No connected devices have been detected
[debug] &amp;#27;[35m[ADB]&amp;#27;[39m Could not find online devices
[debug] &amp;#27;[35m[ADB]&amp;#27;[39m Reconnecting adb (target offline)
[debug] &amp;#27;[35m[ADB]&amp;#27;[39m Running &apos;E:\Junit\Android\Sdk\platform-tools\adb.exe -P 5037 reconnect offline&apos;
[debug] &amp;#27;[35m[ADB]&amp;#27;[39m Getting connected devices
[debug] &amp;#27;[35m[ADB]&amp;#27;[39m No connected devices have been detected
[debug] &amp;#27;[35m[ADB]&amp;#27;[39m Could not find online devices
[debug] &amp;#27;[35m[ADB]&amp;#27;[39m Reconnecting adb (target offline)
[debug] &amp;#27;[35m[ADB]&amp;#27;[39m Running &apos;E:\Junit\Android\Sdk\platform-tools\adb.exe -P 5037 reconnect offline&apos;
[debug] &amp;#27;[35m[ADB]&amp;#27;[39m Getting connected devices
[debug] &amp;#27;[35m[ADB]&amp;#27;[39m No connected devices have been detected
[debug] &amp;#27;[35m[ADB]&amp;#27;[39m Could not find online devices
[debug] &amp;#27;[35m[ADB]&amp;#27;[39m Reconnecting adb (target offline)
[debug] &amp;#27;[35m[ADB]&amp;#27;[39m Running &apos;E:\Junit\Android\Sdk\platform-tools\adb.exe -P 5037 reconnect offline&apos;
[debug] &amp;#27;[35m[ADB]&amp;#27;[39m Getting connected devices
[debug] &amp;#27;[35m[ADB]&amp;#27;[39m No connected devices have been detected
[debug] &amp;#27;[35m[ADB]&amp;#27;[39m Could not find online devices
[debug] &amp;#27;[35m[ADB]&amp;#27;[39m Reconnecting adb (target offline)
[debug] &amp;#27;[35m[ADB]&amp;#27;[39m Running &apos;E:\Junit\Android\Sdk\platform-tools\adb.exe -P 5037 reconnect offline&apos;
[debug] &amp;#27;[35m[ADB]&amp;#27;[39m Getting connected devices
[debug] &amp;#27;[35m[ADB]&amp;#27;[39m No connected devices have been detected
[debug] &amp;#27;[35m[ADB]&amp;#27;[39m Could not find online devices
[debug] &amp;#27;[35m[ADB]&amp;#27;[39m Reconnecting adb (target offline)
[debug] &amp;#27;[35m[ADB]&amp;#27;[39m Running &apos;E:\Junit\Android\Sdk\platform-tools\adb.exe -P 5037 reconnect offline&apos;
[debug] &amp;#27;[35m[ADB]&amp;#27;[39m Getting connected devices
[debug] &amp;#27;[35m[ADB]&amp;#27;[39m No connected devices have been detected
[debug] &amp;#27;[35m[ADB]&amp;#27;[39m Could not find online devices
[debug] &amp;#27;[35m[ADB]&amp;#27;[39m Reconnecting adb (target offline)
[debug] &amp;#27;[35m[ADB]&amp;#27;[39m Running &apos;E:\Junit\Android\Sdk\platform-tools\adb.exe -P 5037 reconnect offline&apos;
[debug] &amp;#27;[35m[ADB]&amp;#27;[39m Getting connected devices
[debug] &amp;#27;[35m[ADB]&amp;#27;[39m No connected devices have been detected
[debug] &amp;#27;[35m[ADB]&amp;#27;[39m Could not find online devices
[debug] &amp;#27;[35m[ADB]&amp;#27;[39m Reconnecting adb (target offline)
[debug] &amp;#27;[35m[ADB]&amp;#27;[39m Running &apos;E:\Junit\Android\Sdk\platform-tools\adb.exe -P 5037 reconnect offline&apos;
[debug] &amp;#27;[35m[ADB]&amp;#27;[39m Getting connected devices
[debug] &amp;#27;[35m[ADB]&amp;#27;[39m No connected devices have been detected
[debug] &amp;#27;[35m[ADB]&amp;#27;[39m Could not find online devices
[debug] &amp;#27;[35m[ADB]&amp;#27;[39m Reconnecting adb (target offline)
[debug] &amp;#27;[35m[ADB]&amp;#27;[39m Running &apos;E:\Junit\Android\Sdk\platform-tools\adb.exe -P 5037 reconnect offline&apos;
[debug] &amp;#27;[35m[ADB]&amp;#27;[39m Getting connected devices
[debug] &amp;#27;[35m[ADB]&amp;#27;[39m No connected devices have been detected
[debug] &amp;#27;[35m[ADB]&amp;#27;[39m Could not find online devices
[debug] &amp;#27;[35m[ADB]&amp;#27;[39m Reconnecting adb (target offline)
[debug] &amp;#27;[35m[ADB]&amp;#27;[39m Running &apos;E:\Junit\Android\Sdk\platform-tools\adb.exe -P 5037 reconnect offline&apos;
[debug] &amp;#27;[35m[ADB]&amp;#27;[39m Getting connected devices
[debug] &amp;#27;[35m[ADB]&amp;#27;[39m No connected devices have been detected
[debug] &amp;#27;[35m[ADB]&amp;#27;[39m Could not find online devices
[debug] &amp;#27;[35m[ADB]&amp;#27;[39m Reconnecting adb (target offline)
[debug] &amp;#27;[35m[ADB]&amp;#27;[39m Running &apos;E:\Junit\Android\Sdk\platform-tools\adb.exe -P 5037 reconnect offline&apos;
[debug] &amp;#27;[35m[ADB]&amp;#27;[39m Getting connected devices
[debug] &amp;#27;[35m[ADB]&amp;#27;[39m No connected devices have been detected
[debug] &amp;#27;[35m[ADB]&amp;#27;[39m Could not find online devices
[debug] &amp;#27;[35m[ADB]&amp;#27;[39m Reconnecting adb (target offline)
[debug] &amp;#27;[35m[ADB]&amp;#27;[39m Running &apos;E:\Junit\Android\Sdk\platform-tools\adb.exe -P 5037 reconnect offline&apos;
[debug] &amp;#27;[35m[ADB]&amp;#27;[39m Getting connected devices
[debug] &amp;#27;[35m[ADB]&amp;#27;[39m No connected devices have been detected
[debug] &amp;#27;[35m[ADB]&amp;#27;[39m Could not find online devices
[debug] &amp;#27;[35m[ADB]&amp;#27;[39m Reconnecting adb (target offline)
[debug] &amp;#27;[35m[ADB]&amp;#27;[39m Running &apos;E:\Junit\Android\Sdk\platform-tools\adb.exe -P 5037 reconnect offline&apos;
[debug] &amp;#27;[35m[ADB]&amp;#27;[39m Getting connected devices
[debug] &amp;#27;[35m[ADB]&amp;#27;[39m No connected devices have been detected
[debug] &amp;#27;[35m[ADB]&amp;#27;[39m Could not find online devices
[debug] &amp;#27;[35m[ADB]&amp;#27;[39m Reconnecting adb (target offline)
[debug] &amp;#27;[35m[ADB]&amp;#27;[39m Running &apos;E:\Junit\Android\Sdk\platform-tools\adb.exe -P 5037 reconnect offline&apos;
[debug] &amp;#27;[35m[ADB]&amp;#27;[39m Getting connected devices
[debug] &amp;#27;[35m[ADB]&amp;#27;[39m No connected devices have been detected
[debug] &amp;#27;[35m[ADB]&amp;#27;[39m Could not find online devices
[debug] &amp;#27;[35m[ADB]&amp;#27;[39m Reconnecting adb (target offline)
[debug] &amp;#27;[35m[ADB]&amp;#27;[39m Running &apos;E:\Junit\Android\Sdk\platform-tools\adb.exe -P 5037 reconnect offline&apos;
[debug] &amp;#27;[35m[ADB]&amp;#27;[39m Getting connected devices
[debug] &amp;#27;[35m[ADB]&amp;#27;[39m No connected devices have been detected
[debug] &amp;#27;[35m[ADB]&amp;#27;[39m Could not find online devices
[debug] &amp;#27;[35m[ADB]&amp;#27;[39m Reconnecting adb (target offline)
[debug] &amp;#27;[35m[ADB]&amp;#27;[39m Running &apos;E:\Junit\Android\Sdk\platform-tools\adb.exe -P 5037 reconnect offline&apos;
[debug] &amp;#27;[35m[ADB]&amp;#27;[39m Getting connected devices
[debug] &amp;#27;[35m[ADB]&amp;#27;[39m No connected devices have been detected
[debug] &amp;#27;[35m[ADB]&amp;#27;[39m Could not find online devices
[debug] &amp;#27;[35m[ADB]&amp;#27;[39m Reconnecting adb (target offline)
[debug] &amp;#27;[35m[ADB]&amp;#27;[39m Running &apos;E:\Junit\Android\Sdk\platform-tools\adb.exe -P 5037 reconnect offline&apos;
[debug] &amp;#27;[35m[ADB]&amp;#27;[39m Getting connected devices
[debug] &amp;#27;[35m[ADB]&amp;#27;[39m No connected devices have been detected
[debug] &amp;#27;[35m[ADB]&amp;#27;[39m Could not find online devices
[debug] &amp;#27;[35m[ADB]&amp;#27;[39m Reconnecting adb (target offline)
[debug] &amp;#27;[35m[ADB]&amp;#27;[39m Running &apos;E:\Junit\Android\Sdk\platform-tools\adb.exe -P 5037 reconnect offline&apos;
[debug] &amp;#27;[35m[ADB]&amp;#27;[39m Getting connected devices
[debug] &amp;#27;[35m[ADB]&amp;#27;[39m No connected devices have been detected
[debug] &amp;#27;[35m[ADB]&amp;#27;[39m Could not find online devices
[debug] &amp;#27;[35m[ADB]&amp;#27;[39m Reconnecting adb (target offline)
[debug] &amp;#27;[35m[ADB]&amp;#27;[39m Running &apos;E:\Junit\Android\Sdk\platform-tools\adb.exe -P 5037 reconnect offline&apos;
[debug] &amp;#27;[35m[ADB]&amp;#27;[39m Getting connected devices
[debug] &amp;#27;[35m[ADB]&amp;#27;[39m No connected devices have been detected
[debug] &amp;#27;[35m[ADB]&amp;#27;[39m Could not find online devices
[debug] &amp;#27;[35m[ADB]&amp;#27;[39m Reconnecting adb (target offline)
[debug] &amp;#27;[35m[ADB]&amp;#27;[39m Running &apos;E:\Junit\Android\Sdk\platform-tools\adb.exe -P 5037 reconnect offline&apos;
[debug] &amp;#27;[35m[ADB]&amp;#27;[39m Getting connected devices
[debug] &amp;#27;[35m[ADB]&amp;#27;[39m No connected devices have been detected
[debug] &amp;#27;[35m[ADB]&amp;#27;[39m Could not find online devices
[debug] &amp;#27;[35m[ADB]&amp;#27;[39m Reconnecting adb (target offline)
[debug] &amp;#27;[35m[ADB]&amp;#27;[39m Running &apos;E:\Junit\Android\Sdk\platform-tools\adb.exe -P 5037 reconnect offline&apos;
[debug] &amp;#27;[35m[ADB]&amp;#27;[39m Getting connected devices
[debug] &amp;#27;[35m[ADB]&amp;#27;[39m No connected devices have been detected
[debug] &amp;#27;[35m[ADB]&amp;#27;[39m Could not find online devices
[debug] &amp;#27;[35m[ADB]&amp;#27;[39m Reconnecting adb (target offline)
[debug] &amp;#27;[35m[ADB]&amp;#27;[39m Running &apos;E:\Junit\Android\Sdk\platform-tools\adb.exe -P 5037 reconnect offline&apos;
[debug] &amp;#27;[35m[ADB]&amp;#27;[39m Getting connected devices
[debug] &amp;#27;[35m[ADB]&amp;#27;[39m No connected devices have been detected
[debug] &amp;#27;[35m[ADB]&amp;#27;[39m Could not find online devices
[debug] &amp;#27;[35m[ADB]&amp;#27;[39m Reconnecting adb (target offline)
[debug] &amp;#27;[35m[ADB]&amp;#27;[39m Running &apos;E:\Junit\Android\Sdk\platform-tools\adb.exe -P 5037 reconnect offline&apos;
[debug] &amp;#27;[35m[ADB]&amp;#27;[39m Getting connected devices
[debug] &amp;#27;[35m[ADB]&amp;#27;[39m No connected devices have been detected
[debug] &amp;#27;[35m[ADB]&amp;#27;[39m Could not find online devices
[debug] &amp;#27;[35m[ADB]&amp;#27;[39m Reconnecting adb (target offline)
[debug] &amp;#27;[35m[ADB]&amp;#27;[39m Running &apos;E:\Junit\Android\Sdk\platform-tools\adb.exe -P 5037 reconnect offline&apos;
[debug] &amp;#27;[35m[ADB]&amp;#27;[39m Getting connected devices
[debug] &amp;#27;[35m[ADB]&amp;#27;[39m No connected devices have been detected
[debug] &amp;#27;[35m[ADB]&amp;#27;[39m Could not find online devices
[debug] &amp;#27;[35m[ADB]&amp;#27;[39m Reconnecting adb (target offline)
[debug] &amp;#27;[35m[ADB]&amp;#27;[39m Running &apos;E:\Junit\Android\Sdk\platform-tools\adb.exe -P 5037 reconnect offline&apos;
[debug] &amp;#27;[35m[UiAutomator2]&amp;#27;[39m Deleting UiAutomator2 session
[debug] &amp;#27;[35m[BaseDriver]&amp;#27;[39m Event &apos;newSessionStarted&apos; logged at 1670930411265 (03:20:11 GMT-0800 (Pacific Standard Time))
[debug] &amp;#27;[35m[W3C]&amp;#27;[39m Encountered internal error running command: Error: Could not find a connected Android device in 20124ms.
[debug] &amp;#27;[35m[W3C]&amp;#27;[39m     at getDevices (C:\Users\mgant\AppData\Roaming\npm\node_modules\appium\node_modules\appium-adb\lib\tools\system-calls.js:266:13)
[debug] &amp;#27;[35m[W3C]&amp;#27;[39m     at getDevices (C:\Users\mgant\AppData\Roaming\npm\node_modules\appium\node_modules\appium-adb\lib\tools\system-calls.js:283:18)
[debug] &amp;#27;[35m[W3C]&amp;#27;[39m     at getDevices (C:\Users\mgant\AppData\Roaming\npm\node_modules\appium\node_modules\appium-adb\lib\tools\system-calls.js:283:12)
[debug] &amp;#27;[35m[W3C]&amp;#27;[39m     at getDevices (C:\Users\mgant\AppData\Roaming\npm\node_modules\appium\node_modules\appium-adb\lib\tools\system-calls.js:283:12)
[debug] &amp;#27;[35m[W3C]&amp;#27;[39m     at getDevices (C:\Users\mgant\AppData\Roaming\npm\node_modules\appium\node_modules\appium-adb\lib\tools\system-calls.js:283:12)
[debug] &amp;#27;[35m[W3C]&amp;#27;[39m     at getDevices (C:\Users\mgant\AppData\Roaming\npm\node_modules\appium\node_modules\appium-adb\lib\tools\system-calls.js:283:12)
[debug] &amp;#27;[35m[W3C]&amp;#27;[39m     at getDevices (C:\Users\mgant\AppData\Roaming\npm\node_modules\appium\node_modules\appium-adb\lib\tools\system-calls.js:283:12)
[debug] &amp;#27;[35m[W3C]&amp;#27;[39m     at getDevices (C:\Users\mgant\AppData\Roaming\npm\node_modules\appium\node_modules\appium-adb\lib\tools\system-calls.js:283:12)
[debug] &amp;#27;[35m[W3C]&amp;#27;[39m     at getDevices (C:\Users\mgant\AppData\Roaming\npm\node_modules\appium\node_modules\appium-adb\lib\tools\system-calls.js:283:12)
[debug] &amp;#27;[35m[W3C]&amp;#27;[39m     at getDevices (C:\Users\mgant\AppData\Roaming\npm\node_modules\appium\node_modules\appium-adb\lib\tools\system-calls.js:283:12)
[debug] &amp;#27;[35m[W3C]&amp;#27;[39m     at getDevices (C:\Users\mgant\AppData\Roaming\npm\node_modules\appium\node_modules\appium-adb\lib\tools\system-calls.js:283:12)
[debug] &amp;#27;[35m[W3C]&amp;#27;[39m     at getDevices (C:\Users\mgant\AppData\Roaming\npm\node_modules\appium\node_modules\appium-adb\lib\tools\system-calls.js:283:12)
[debug] &amp;#27;[35m[W3C]&amp;#27;[39m     at getDevices (C:\Users\mgant\AppData\Roaming\npm\node_modules\appium\node_modules\appium-adb\lib\tools\system-calls.js:283:12)
[debug] &amp;#27;[35m[W3C]&amp;#27;[39m     at getDevices (C:\Users\mgant\AppData\Roaming\npm\node_modules\appium\node_modules\appium-adb\lib\tools\system-calls.js:283:12)
[debug] &amp;#27;[35m[W3C]&amp;#27;[39m     at getDevices (C:\Users\mgant\AppData\Roaming\npm\node_modules\appium\node_modules\appium-adb\lib\tools\system-calls.js:283:12)
[debug] &amp;#27;[35m[W3C]&amp;#27;[39m     at getDevices (C:\Users\mgant\AppData\Roaming\npm\node_modules\appium\node_modules\appium-adb\lib\tools\system-calls.js:283:12)
&amp;#27;[35m[HTTP]&amp;#27;[39m &amp;#27;[37m&lt;-- POST /wd/hub/session &amp;#27;[39m&amp;#27;[31m500&amp;#27;[39m &amp;#27;[90m28887 ms - 667&amp;#27;[39m
&amp;#27;[35m[HTTP]&amp;#27;[39m &amp;#27;[90m&amp;#27;[39m
      org.openqa.selenium.SessionNotCreatedException: Unable to create a new remote session. Please check the server log for more details. Original error: An unknown server-side error occurred while processing the command. Original error: Could not find a connected Android device in 20124ms.
Build info: version: &apos;3.141.59&apos;, revision: &apos;e82be7d358&apos;, time: &apos;2018-11-14T08:17:03&apos;
System info: host: &apos;DESKTOP-515LFDB&apos;, ip: &apos;192.168.1.132&apos;, os.name: &apos;Windows 10&apos;, os.arch: &apos;amd64&apos;, os.version: &apos;10.0&apos;, java.version: &apos;15.0.2&apos;
Driver info: driver.version: AndroidDriver
remote stacktrace: UnknownError: An unknown server-side error occurred while processing the command. Original error: Could not find a connected Android device in 20124ms.
    at getResponseForW3CError (C:\Users\mgant\AppData\Roaming\npm\node_modules\appium\node_modules\appium-base-driver\lib\protocol\errors.js:804:9)
    at asyncHandler (C:\Users\mgant\AppData\Roaming\npm\node_modules\appium\node_modules\appium-base-driver\lib\protocol\protocol.js:380:37)
Build info: version: &apos;3.141.59&apos;, revision: &apos;e82be7d358&apos;, time: &apos;2018-11-14T08:17:03&apos;
System info: host: &apos;DESKTOP-515LFDB&apos;, ip: &apos;192.168.1.132&apos;, os.name: &apos;Windows 10&apos;, os.arch: &apos;amd64&apos;, os.version: &apos;10.0&apos;, java.version: &apos;15.0.2&apos;
Driver info: driver.version: AndroidDriver
	at io.appium.java_client.remote.AppiumCommandExecutor$1.createSession(AppiumCommandExecutor.java:208)
	at io.appium.java_client.remote.AppiumCommandExecutor.createSession(AppiumCommandExecutor.java:217)
	at io.appium.java_client.remote.AppiumCommandExecutor.execute(AppiumCommandExecutor.java:239)
	at org.openqa.selenium.remote.RemoteWebDriver.execute(RemoteWebDriver.java:552)
	at io.appium.java_client.DefaultGenericMobileDriver.execute(DefaultGenericMobileDriver.java:41)
	at io.appium.java_client.AppiumDriver.execute(AppiumDriver.java:1)
	at io.appium.java_client.android.AndroidDriver.execute(AndroidDriver.java:1)
	at org.openqa.selenium.remote.RemoteWebDriver.startSession(RemoteWebDriver.java:213)
	at io.appium.java_client.AppiumDriver.startSession(AppiumDriver.java:336)
	at org.openqa.selenium.remote.RemoteWebDriver.&lt;init&gt;(RemoteWebDriver.java:131)
	at io.appium.java_client.DefaultGenericMobileDriver.&lt;init&gt;(DefaultGenericMobileDriver.java:37)
	at io.appium.java_client.AppiumDriver.&lt;init&gt;(AppiumDriver.java:88)
	at io.appium.java_client.AppiumDriver.&lt;init&gt;(AppiumDriver.java:98)
	at io.appium.java_client.android.AndroidDriver.&lt;init&gt;(AndroidDriver.java:94)
	at com.qa.utils.DriverManager.initializeDriver(DriverManager.java:49)
	at com.qa.stepdef.Hooks.initialize(Hooks.java:29)
Caused by: java.lang.reflect.InvocationTargetException
	at java.base/jdk.internal.reflect.NativeMethodAccessorImpl.invoke0(Native Method)
	at java.base/jdk.internal.reflect.NativeMethodAccessorImpl.invoke(NativeMethodAccessorImpl.java:64)
	at java.base/jdk.internal.reflect.DelegatingMethodAccessorImpl.invoke(DelegatingMethodAccessorImpl.java:43)
	at java.base/java.lang.reflect.Method.invoke(Method.java:564)
	at io.appium.java_client.remote.AppiumCommandExecutor$1.createSession(AppiumCommandExecutor.java:186)
	at io.appium.java_client.remote.AppiumCommandExecutor.createSession(AppiumCommandExecutor.java:217)
	at io.appium.java_client.remote.AppiumCommandExecutor.execute(AppiumCommandExecutor.java:239)
	at org.openqa.selenium.remote.RemoteWebDriver.execute(RemoteWebDriver.java:552)
	at io.appium.java_client.DefaultGenericMobileDriver.execute(DefaultGenericMobileDriver.java:41)
	at io.appium.java_client.AppiumDriver.execute(AppiumDriver.java:1)
	at io.appium.java_client.android.AndroidDriver.execute(AndroidDriver.java:1)
	at org.openqa.selenium.remote.RemoteWebDriver.startSession(RemoteWebDriver.java:213)
	at io.appium.java_client.AppiumDriver.startSession(AppiumDriver.java:336)
	at org.openqa.selenium.remote.RemoteWebDriver.&lt;init&gt;(RemoteWebDriver.java:131)
	at io.appium.java_client.DefaultGenericMobileDriver.&lt;init&gt;(DefaultGenericMobileDriver.java:37)
	at io.appium.java_client.AppiumDriver.&lt;init&gt;(AppiumDriver.java:88)
	at io.appium.java_client.AppiumDriver.&lt;init&gt;(AppiumDriver.java:98)
	at io.appium.java_client.android.AndroidDriver.&lt;init&gt;(AndroidDriver.java:94)
	at com.qa.utils.DriverManager.initializeDriver(DriverManager.java:49)
	at com.qa.stepdef.Hooks.initialize(Hooks.java:29)
	at java.base/jdk.internal.reflect.NativeMethodAccessorImpl.invoke0(Native Method)
	at java.base/jdk.internal.reflect.NativeMethodAccessorImpl.invoke(NativeMethodAccessorImpl.java:64)
	at java.base/jdk.internal.reflect.DelegatingMethodAccessorImpl.invoke(DelegatingMethodAccessorImpl.java:43)
	at java.base/java.lang.reflect.Method.invoke(Method.java:564)
	at io.cucumber.java.Invoker.doInvoke(Invoker.java:66)
	at io.cucumber.java.Invoker.invoke(Invoker.java:24)
	at io.cucumber.java.AbstractGlueDefinition.invokeMethod(AbstractGlueDefinition.java:47)
	at io.cucumber.java.JavaHookDefinition.execute(JavaHookDefinition.java:59)
	at io.cucumber.core.runner.CoreHookDefinition.execute(CoreHookDefinition.java:46)
	at io.cucumber.core.runner.HookDefinitionMatch.runStep(HookDefinitionMatch.java:21)
	at io.cucumber.core.runner.ExecutionMode$1.execute(ExecutionMode.java:10)
	at io.cucumber.core.runner.TestStep.executeStep(TestStep.java:92)
	at io.cucumber.core.runner.TestStep.run(TestStep.java:64)
	at io.cucumber.core.runner.TestCase.run(TestCase.java:98)
	at io.cucumber.core.runner.Runner.runPickle(Runner.java:71)
	at io.cucumber.junit.PickleRunners$NoStepDescriptions.run(PickleRunners.java:151)
	at io.cucumber.junit.FeatureRunner.runChild(FeatureRunner.java:135)
	at io.cucumber.junit.FeatureRunner.runChild(FeatureRunner.java:27)
	at org.junit.runners.ParentRunner$4.run(ParentRunner.java:331)
	at org.junit.runners.ParentRunner$1.schedule(ParentRunner.java:79)
	at org.junit.runners.ParentRunner.runChildren(ParentRunner.java:329)
	at org.junit.runners.ParentRunner.access$100(ParentRunner.java:66)
	at org.junit.runners.ParentRunner$2.evaluate(ParentRunner.java:293)
	at org.junit.runners.ParentRunner$3.evaluate(ParentRunner.java:306)
	at org.junit.runners.ParentRunner.run(ParentRunner.java:413)
	at io.cucumber.junit.Cucumber.runChild(Cucumber.java:199)
	at io.cucumber.junit.Cucumber.runChild(Cucumber.java:90)
	at org.junit.runners.ParentRunner$4.run(ParentRunner.java:331)
	at org.junit.runners.ParentRunner$1.schedule(ParentRunner.java:79)
	at org.junit.runners.ParentRunner.runChildren(ParentRunner.java:329)
	at org.junit.runners.ParentRunner.access$100(ParentRunner.java:66)
	at org.junit.runners.ParentRunner$2.evaluate(ParentRunner.java:293)
	at io.cucumber.junit.Cucumber$RunCucumber.evaluate(Cucumber.java:234)
	at org.junit.internal.runners.statements.RunBefores.evaluate(RunBefores.java:26)
	at org.junit.runners.ParentRunner$3.evaluate(ParentRunner.java:306)
	at org.junit.runners.ParentRunner.run(ParentRunner.java:413)
	at org.apache.maven.surefire.junit4.JUnit4Provider.execute(JUnit4Provider.java:252)
	at org.apache.maven.surefire.junit4.JUnit4Provider.executeTestSet(JUnit4Provider.java:141)
	at org.apache.maven.surefire.junit4.JUnit4Provider.invoke(JUnit4Provider.java:112)
	at java.base/jdk.internal.reflect.NativeMethodAccessorImpl.invoke0(Native Method)
	at java.base/jdk.internal.reflect.NativeMethodAccessorImpl.invoke(NativeMethodAccessorImpl.java:64)
	at java.base/jdk.internal.reflect.DelegatingMethodAccessorImpl.invoke(DelegatingMethodAccessorImpl.java:43)
	at java.base/java.lang.reflect.Method.invoke(Method.java:564)
	at org.apache.maven.surefire.util.ReflectionUtils.invokeMethodWithArray(ReflectionUtils.java:189)
	at org.apache.maven.surefire.booter.ProviderFactory$ProviderProxy.invoke(ProviderFactory.java:165)
	at org.apache.maven.surefire.booter.ProviderFactory.invokeProvider(ProviderFactory.java:85)
	at org.apache.maven.surefire.booter.ForkedBooter.runSuitesInProcess(ForkedBooter.java:115)
	at org.apache.maven.surefire.booter.ForkedBooter.main(ForkedBooter.java:75)
Caused by: org.openqa.selenium.WebDriverException: An unknown server-side error occurred while processing the command. Original error: Could not find a connected Android device in 20124ms.
Build info: version: &apos;3.141.59&apos;, revision: &apos;e82be7d358&apos;, time: &apos;2018-11-14T08:17:03&apos;
System info: host: &apos;DESKTOP-515LFDB&apos;, ip: &apos;192.168.1.132&apos;, os.name: &apos;Windows 10&apos;, os.arch: &apos;amd64&apos;, os.version: &apos;10.0&apos;, java.version: &apos;15.0.2&apos;
Driver info: driver.version: AndroidDriver
remote stacktrace: UnknownError: An unknown server-side error occurred while processing the command. Original error: Could not find a connected Android device in 20124ms.
    at getResponseForW3CError (C:\Users\mgant\AppData\Roaming\npm\node_modules\appium\node_modules\appium-base-driver\lib\protocol\errors.js:804:9)
    at asyncHandler (C:\Users\mgant\AppData\Roaming\npm\node_modules\appium\node_modules\appium-base-driver\lib\protocol\protocol.js:380:37)
	at java.base/jdk.internal.reflect.NativeConstructorAccessorImpl.newInstance0(Native Method)
	at java.base/jdk.internal.reflect.NativeConstructorAccessorImpl.newInstance(NativeConstructorAccessorImpl.java:64)
	at java.base/jdk.internal.reflect.DelegatingConstructorAccessorImpl.newInstance(DelegatingConstructorAccessorImpl.java:45)
	at java.base/java.lang.reflect.Constructor.newInstanceWithCaller(Constructor.java:500)
	at java.base/java.lang.reflect.Constructor.newInstance(Constructor.java:481)
	at org.openqa.selenium.remote.W3CHandshakeResponse.lambda$errorHandler$0(W3CHandshakeResponse.java:62)
	at org.openqa.selenium.remote.HandshakeResponse.lambda$getResponseFunction$0(HandshakeResponse.java:30)
	at org.openqa.selenium.remote.ProtocolHandshake.lambda$createSession$0(ProtocolHandshake.java:126)
	at java.base/java.util.stream.ReferencePipeline$3$1.accept(ReferencePipeline.java:195)
	at java.base/java.util.Spliterators$ArraySpliterator.tryAdvance(Spliterators.java:958)
	at java.base/java.util.stream.ReferencePipeline.forEachWithCancel(ReferencePipeline.java:127)
	at java.base/java.util.stream.AbstractPipeline.copyIntoWithCancel(AbstractPipeline.java:502)
	at java.base/java.util.stream.AbstractPipeline.copyInto(AbstractPipeline.java:488)
	at java.base/java.util.stream.AbstractPipeline.wrapAndCopyInto(AbstractPipeline.java:474)
	at java.base/java.util.stream.FindOps$FindOp.evaluateSequential(FindOps.java:150)
	at java.base/java.util.stream.AbstractPipeline.evaluate(AbstractPipeline.java:234)
	at java.base/java.util.stream.ReferencePipeline.findFirst(ReferencePipeline.java:543)
	at org.openqa.selenium.remote.ProtocolHandshake.createSession(ProtocolHandshake.java:128)
	... 68 more

  When Open navigation bar                   # com.qa.stepdef.EditTableDef.openNavigationBar()
  And Click on Edit table                    # com.qa.stepdef.EditTableDef.clickOnEditTable()
  And Enter the password                     # com.qa.stepdef.EditTableDef.enterThePassword()
  And click on the ok                        # com.qa.stepdef.EditTableDef.clickOnTheOk()
  And Click on CDT                           # com.qa.stepdef.EditTableDef.clickOnCDT()
  And Click on TCT                           # com.qa.stepdef.EditTableDef.clickOnTCT()
  And Scroll for TMSURL                      # com.qa.stepdef.EditTableDef.scrollForTMSURL()
  And Click on TMLSUrl field                 # com.qa.stepdef.EditTableDef.clickOnTMLSUrlField()
  And Enter TMSUrl &quot;&quot;                        # com.qa.stepdef.EditTableDef.enterTMSUrl(java.lang.String)
  And Scroll for Appcode                     # com.qa.stepdef.EditTableDef.scrollForAppcode()
  And Click on AppCode field                 # com.qa.stepdef.EditTableDef.clickOnAppCodeField()
  And Enter AppCode &quot;&quot;                       # com.qa.stepdef.EditTableDef.enterAppCode(java.lang.String)
  And Restart App                            # com.qa.stepdef.EditTableDef.restartApp()
      java.lang.NullPointerException: Cannot invoke &quot;io.appium.java_client.AppiumDriver.getScreenshotAs(org.openqa.selenium.OutputType)&quot; because the return value of &quot;com.qa.utils.DriverManager.getDriver()&quot; is null
	at com.qa.stepdef.Hooks.quit1(Hooks.java:42)

</system-out>
    <system-err>SLF4J: Failed to load class &quot;org.slf4j.impl.StaticLoggerBinder&quot;.
SLF4J: Defaulting to no-operation (NOP) logger implementation
SLF4J: See http://www.slf4j.org/codes.html#StaticLoggerBinder for further details.
</system-err>
  </testcase>
  <testcase classname="Edit table TCT" name="Edit table and add tmsurl ,appcode" time="89.461">
    <error message="Cannot invoke &quot;io.appium.java_client.AppiumDriver.getScreenshotAs(org.openqa.selenium.OutputType)&quot; because the return value of &quot;com.qa.utils.DriverManager.getDriver()&quot; is null" type="java.lang.NullPointerException">java.lang.NullPointerException: Cannot invoke &quot;io.appium.java_client.AppiumDriver.getScreenshotAs(org.openqa.selenium.OutputType)&quot; because the return value of &quot;com.qa.utils.DriverManager.getDriver()&quot; is null
	at com.qa.stepdef.Hooks.quit1(Hooks.java:42)
</error>
  </testcase>
</testsuite>